This file contains any messages produced by compilers while
running configure, to aid debugging if configure makes a mistake.

It was created by GLU configure 1.1, which was
generated by GNU Autoconf 2.69.  Invocation command line was

  $ ./configure --prefix=/home/weinbe2/Documents/GLU/install --with-fftw=/home/weinbe2/bin/fftw/install/ --enable-OMP_FFTW CC=gcc CFLAGS=-Wall -O3 -ffast-math -fopenmp

## --------- ##
## Platform. ##
## --------- ##

hostname = weinbe2-ThinkPad-X240
uname -m = x86_64
uname -r = 3.13.0-83-generic
uname -s = Linux
uname -v = #127-Ubuntu SMP Fri Mar 11 00:25:37 UTC 2016

/usr/bin/uname -p = unknown
/bin/uname -X     = unknown

/bin/arch              = unknown
/usr/bin/arch -k       = unknown
/usr/convex/getsysinfo = unknown
/usr/bin/hostinfo      = unknown
/bin/machine           = unknown
/usr/bin/oslevel       = unknown
/bin/universe          = unknown

PATH: /home/weinbe2/bin
PATH: /usr/local/sbin
PATH: /usr/local/bin
PATH: /usr/sbin
PATH: /usr/bin
PATH: /sbin
PATH: /bin
PATH: /usr/games
PATH: /usr/local/games


## ----------- ##
## Core tests. ##
## ----------- ##

configure:2163: checking for a BSD-compatible install
configure:2231: result: /usr/bin/install -c
configure:2242: checking whether build environment is sane
configure:2297: result: yes
configure:2448: checking for a thread-safe mkdir -p
configure:2487: result: /bin/mkdir -p
configure:2494: checking for gawk
configure:2510: found /usr/bin/gawk
configure:2521: result: gawk
configure:2532: checking whether make sets $(MAKE)
configure:2554: result: yes
configure:2583: checking whether make supports nested variables
configure:2600: result: yes
configure:2773: checking for gcc
configure:2800: result: gcc
configure:3029: checking for C compiler version
configure:3038: gcc --version >&5
gcc (Ubuntu 4.8.4-2ubuntu1~14.04.1) 4.8.4
Copyright (C) 2013 Free Software Foundation, Inc.
This is free software; see the source for copying conditions.  There is NO
warranty; not even for MERCHANTABILITY or FITNESS FOR A PARTICULAR PURPOSE.

configure:3049: $? = 0
configure:3038: gcc -v >&5
Using built-in specs.
COLLECT_GCC=gcc
COLLECT_LTO_WRAPPER=/usr/lib/gcc/x86_64-linux-gnu/4.8/lto-wrapper
Target: x86_64-linux-gnu
Configured with: ../src/configure -v --with-pkgversion='Ubuntu 4.8.4-2ubuntu1~14.04.1' --with-bugurl=file:///usr/share/doc/gcc-4.8/README.Bugs --enable-languages=c,c++,java,go,d,fortran,objc,obj-c++ --prefix=/usr --program-suffix=-4.8 --enable-shared --enable-linker-build-id --libexecdir=/usr/lib --without-included-gettext --enable-threads=posix --with-gxx-include-dir=/usr/include/c++/4.8 --libdir=/usr/lib --enable-nls --with-sysroot=/ --enable-clocale=gnu --enable-libstdcxx-debug --enable-libstdcxx-time=yes --enable-gnu-unique-object --disable-libmudflap --enable-plugin --with-system-zlib --disable-browser-plugin --enable-java-awt=gtk --enable-gtk-cairo --with-java-home=/usr/lib/jvm/java-1.5.0-gcj-4.8-amd64/jre --enable-java-home --with-jvm-root-dir=/usr/lib/jvm/java-1.5.0-gcj-4.8-amd64 --with-jvm-jar-dir=/usr/lib/jvm-exports/java-1.5.0-gcj-4.8-amd64 --with-arch-directory=amd64 --with-ecj-jar=/usr/share/java/eclipse-ecj.jar --enable-objc-gc --enable-multiarch --disable-werror --with-arch-32=i686 --with-abi=m64 --with-multilib-list=m32,m64,mx32 --with-tune=generic --enable-checking=release --build=x86_64-linux-gnu --host=x86_64-linux-gnu --target=x86_64-linux-gnu
Thread model: posix
gcc version 4.8.4 (Ubuntu 4.8.4-2ubuntu1~14.04.1) 
configure:3049: $? = 0
configure:3038: gcc -V >&5
gcc: error: unrecognized command line option '-V'
gcc: fatal error: no input files
compilation terminated.
configure:3049: $? = 4
configure:3038: gcc -qversion >&5
gcc: error: unrecognized command line option '-qversion'
gcc: fatal error: no input files
compilation terminated.
configure:3049: $? = 4
configure:3069: checking whether the C compiler works
configure:3091: gcc -Wall -O3 -ffast-math -fopenmp   conftest.c  >&5
configure:3095: $? = 0
configure:3143: result: yes
configure:3146: checking for C compiler default output file name
configure:3148: result: a.out
configure:3154: checking for suffix of executables
configure:3161: gcc -o conftest -Wall -O3 -ffast-math -fopenmp   conftest.c  >&5
configure:3165: $? = 0
configure:3187: result: 
configure:3209: checking whether we are cross compiling
configure:3217: gcc -o conftest -Wall -O3 -ffast-math -fopenmp   conftest.c  >&5
configure:3221: $? = 0
configure:3228: ./conftest
configure:3232: $? = 0
configure:3247: result: no
configure:3252: checking for suffix of object files
configure:3274: gcc -c -Wall -O3 -ffast-math -fopenmp  conftest.c >&5
configure:3278: $? = 0
configure:3299: result: o
configure:3303: checking whether we are using the GNU C compiler
configure:3322: gcc -c -Wall -O3 -ffast-math -fopenmp  conftest.c >&5
configure:3322: $? = 0
configure:3331: result: yes
configure:3340: checking whether gcc accepts -g
configure:3360: gcc -c -g  conftest.c >&5
configure:3360: $? = 0
configure:3401: result: yes
configure:3418: checking for gcc option to accept ISO C89
configure:3481: gcc  -c -Wall -O3 -ffast-math -fopenmp  conftest.c >&5
configure:3481: $? = 0
configure:3494: result: none needed
configure:3519: checking whether gcc understands -c and -o together
configure:3541: gcc -c conftest.c -o conftest2.o
configure:3544: $? = 0
configure:3541: gcc -c conftest.c -o conftest2.o
configure:3544: $? = 0
configure:3556: result: yes
configure:3584: checking for style of include used by make
configure:3612: result: GNU
configure:3638: checking dependency style of gcc
configure:3749: result: gcc3
configure:3814: checking for ranlib
configure:3830: found /usr/bin/ranlib
configure:3841: result: ranlib
configure:3870: checking how to run the C preprocessor
configure:3901: gcc -E  conftest.c
configure:3901: $? = 0
configure:3915: gcc -E  conftest.c
conftest.c:11:28: fatal error: ac_nonexistent.h: No such file or directory
 #include <ac_nonexistent.h>
                            ^
compilation terminated.
configure:3915: $? = 1
configure: failed program was:
| /* confdefs.h */
| #define PACKAGE_NAME "GLU"
| #define PACKAGE_TARNAME "glu"
| #define PACKAGE_VERSION "1.1"
| #define PACKAGE_STRING "GLU 1.1"
| #define PACKAGE_BUGREPORT "renwick.james.hudspith@gmail.com"
| #define PACKAGE_URL ""
| #define PACKAGE "glu"
| #define VERSION "1.1"
| /* end confdefs.h.  */
| #include <ac_nonexistent.h>
configure:3940: result: gcc -E
configure:3960: gcc -E  conftest.c
configure:3960: $? = 0
configure:3974: gcc -E  conftest.c
conftest.c:11:28: fatal error: ac_nonexistent.h: No such file or directory
 #include <ac_nonexistent.h>
                            ^
compilation terminated.
configure:3974: $? = 1
configure: failed program was:
| /* confdefs.h */
| #define PACKAGE_NAME "GLU"
| #define PACKAGE_TARNAME "glu"
| #define PACKAGE_VERSION "1.1"
| #define PACKAGE_STRING "GLU 1.1"
| #define PACKAGE_BUGREPORT "renwick.james.hudspith@gmail.com"
| #define PACKAGE_URL ""
| #define PACKAGE "glu"
| #define VERSION "1.1"
| /* end confdefs.h.  */
| #include <ac_nonexistent.h>
configure:4003: checking for grep that handles long lines and -e
configure:4061: result: /bin/grep
configure:4066: checking for egrep
configure:4128: result: /bin/grep -E
configure:4133: checking for ANSI C header files
configure:4153: gcc -c -Wall -O3 -ffast-math -fopenmp  conftest.c >&5
configure:4153: $? = 0
configure:4226: gcc -o conftest -Wall -O3 -ffast-math -fopenmp   conftest.c  >&5
configure:4226: $? = 0
configure:4226: ./conftest
configure:4226: $? = 0
configure:4237: result: yes
configure:4250: checking for sys/types.h
configure:4250: gcc -c -Wall -O3 -ffast-math -fopenmp  conftest.c >&5
configure:4250: $? = 0
configure:4250: result: yes
configure:4250: checking for sys/stat.h
configure:4250: gcc -c -Wall -O3 -ffast-math -fopenmp  conftest.c >&5
configure:4250: $? = 0
configure:4250: result: yes
configure:4250: checking for stdlib.h
configure:4250: gcc -c -Wall -O3 -ffast-math -fopenmp  conftest.c >&5
configure:4250: $? = 0
configure:4250: result: yes
configure:4250: checking for string.h
configure:4250: gcc -c -Wall -O3 -ffast-math -fopenmp  conftest.c >&5
configure:4250: $? = 0
configure:4250: result: yes
configure:4250: checking for memory.h
configure:4250: gcc -c -Wall -O3 -ffast-math -fopenmp  conftest.c >&5
configure:4250: $? = 0
configure:4250: result: yes
configure:4250: checking for strings.h
configure:4250: gcc -c -Wall -O3 -ffast-math -fopenmp  conftest.c >&5
configure:4250: $? = 0
configure:4250: result: yes
configure:4250: checking for inttypes.h
configure:4250: gcc -c -Wall -O3 -ffast-math -fopenmp  conftest.c >&5
configure:4250: $? = 0
configure:4250: result: yes
configure:4250: checking for stdint.h
configure:4250: gcc -c -Wall -O3 -ffast-math -fopenmp  conftest.c >&5
configure:4250: $? = 0
configure:4250: result: yes
configure:4250: checking for unistd.h
configure:4250: gcc -c -Wall -O3 -ffast-math -fopenmp  conftest.c >&5
configure:4250: $? = 0
configure:4250: result: yes
configure:4262: checking whether byte ordering is bigendian
configure:4277: gcc -c -Wall -O3 -ffast-math -fopenmp  conftest.c >&5
conftest.c:22:9: error: unknown type name 'not'
         not a universal capable compiler
         ^
conftest.c:22:15: error: expected '=', ',', ';', 'asm' or '__attribute__' before 'universal'
         not a universal capable compiler
               ^
conftest.c:22:15: error: unknown type name 'universal'
configure:4277: $? = 1
configure: failed program was:
| /* confdefs.h */
| #define PACKAGE_NAME "GLU"
| #define PACKAGE_TARNAME "glu"
| #define PACKAGE_VERSION "1.1"
| #define PACKAGE_STRING "GLU 1.1"
| #define PACKAGE_BUGREPORT "renwick.james.hudspith@gmail.com"
| #define PACKAGE_URL ""
| #define PACKAGE "glu"
| #define VERSION "1.1"
| #define STDC_HEADERS 1
| #define HAVE_SYS_TYPES_H 1
| #define HAVE_SYS_STAT_H 1
| #define HAVE_STDLIB_H 1
| #define HAVE_STRING_H 1
| #define HAVE_MEMORY_H 1
| #define HAVE_STRINGS_H 1
| #define HAVE_INTTYPES_H 1
| #define HAVE_STDINT_H 1
| #define HAVE_UNISTD_H 1
| /* end confdefs.h.  */
| #ifndef __APPLE_CC__
| 	       not a universal capable compiler
| 	     #endif
| 	     typedef int dummy;
| 
configure:4322: gcc -c -Wall -O3 -ffast-math -fopenmp  conftest.c >&5
configure:4322: $? = 0
configure:4340: gcc -c -Wall -O3 -ffast-math -fopenmp  conftest.c >&5
conftest.c: In function 'main':
conftest.c:28:4: error: unknown type name 'not'
    not big endian
    ^
conftest.c:28:12: error: expected '=', ',', ';', 'asm' or '__attribute__' before 'endian'
    not big endian
            ^
configure:4340: $? = 1
configure: failed program was:
| /* confdefs.h */
| #define PACKAGE_NAME "GLU"
| #define PACKAGE_TARNAME "glu"
| #define PACKAGE_VERSION "1.1"
| #define PACKAGE_STRING "GLU 1.1"
| #define PACKAGE_BUGREPORT "renwick.james.hudspith@gmail.com"
| #define PACKAGE_URL ""
| #define PACKAGE "glu"
| #define VERSION "1.1"
| #define STDC_HEADERS 1
| #define HAVE_SYS_TYPES_H 1
| #define HAVE_SYS_STAT_H 1
| #define HAVE_STDLIB_H 1
| #define HAVE_STRING_H 1
| #define HAVE_MEMORY_H 1
| #define HAVE_STRINGS_H 1
| #define HAVE_INTTYPES_H 1
| #define HAVE_STDINT_H 1
| #define HAVE_UNISTD_H 1
| /* end confdefs.h.  */
| #include <sys/types.h>
| 		#include <sys/param.h>
| 
| int
| main ()
| {
| #if BYTE_ORDER != BIG_ENDIAN
| 		 not big endian
| 		#endif
| 
|   ;
|   return 0;
| }
configure:4468: result: no
configure:4498: Configuring for location "/home/weinbe2/Documents/GLU/install"
configure:4540: Creating binary "GLU" in /home/weinbe2/Documents/GLU/install/bin
configure:4545: checking for doxygen
configure:4573: result: NONE
configure:4592: checking for dot
configure:4620: result: NONE
configure:4639: checking for pdflatex
configure:4655: found /usr/bin/pdflatex
configure:4667: result: yes
configure:4706: User unspecified NC, default to SU(3)
configure:4727: User unspecified ND, default to 4
configure:4736: checking math.h usability
configure:4736: gcc -c -Wall -O3 -ffast-math -fopenmp  conftest.c >&5
configure:4736: $? = 0
configure:4736: result: yes
configure:4736: checking math.h presence
configure:4736: gcc -E  conftest.c
configure:4736: $? = 0
configure:4736: result: yes
configure:4736: checking for math.h
configure:4736: result: yes
configure:4751: checking for stdint.h
configure:4751: result: yes
configure:4765: checking for unistd.h
configure:4765: result: yes
configure:4770: We are attempting to be memory-safe in our operation.
configure:4780: checking sys/time.h usability
configure:4780: gcc -c -Wall -O3 -ffast-math -fopenmp  conftest.c >&5
configure:4780: $? = 0
configure:4780: result: yes
configure:4780: checking sys/time.h presence
configure:4780: gcc -E  conftest.c
configure:4780: $? = 0
configure:4780: result: yes
configure:4780: checking for sys/time.h
configure:4780: result: yes
configure:4785: We are intrinsically timing our operations.
configure:4795: checking time.h usability
configure:4795: gcc -c -Wall -O3 -ffast-math -fopenmp  conftest.c >&5
configure:4795: $? = 0
configure:4795: result: yes
configure:4795: checking time.h presence
configure:4795: gcc -E  conftest.c
configure:4795: $? = 0
configure:4795: result: yes
configure:4795: checking for time.h
configure:4795: result: yes
configure:4800: We are providing an accurate date.
configure:4811: checking complex.h usability
configure:4811: gcc -c -Wall -O3 -ffast-math -fopenmp  conftest.c >&5
configure:4811: $? = 0
configure:4811: result: yes
configure:4811: checking complex.h presence
configure:4811: gcc -E  conftest.c
configure:4811: $? = 0
configure:4811: result: yes
configure:4811: checking for complex.h
configure:4811: result: yes
configure:4811: checking for strings.h
configure:4811: result: yes
configure:4811: checking stdio.h usability
configure:4811: gcc -c -Wall -O3 -ffast-math -fopenmp  conftest.c >&5
configure:4811: $? = 0
configure:4811: result: yes
configure:4811: checking stdio.h presence
configure:4811: gcc -E  conftest.c
configure:4811: $? = 0
configure:4811: result: yes
configure:4811: checking for stdio.h
configure:4811: result: yes
configure:4811: checking for stdlib.h
configure:4811: result: yes
configure:4811: checking limits.h usability
configure:4811: gcc -c -Wall -O3 -ffast-math -fopenmp  conftest.c >&5
configure:4811: $? = 0
configure:4811: result: yes
configure:4811: checking limits.h presence
configure:4811: gcc -E  conftest.c
configure:4811: $? = 0
configure:4811: result: yes
configure:4811: checking for limits.h
configure:4811: result: yes
configure:4828: checking immintrin.h usability
configure:4828: gcc -c -Wall -O3 -ffast-math -fopenmp  conftest.c >&5
configure:4828: $? = 0
configure:4828: result: yes
configure:4828: checking immintrin.h presence
configure:4828: gcc -E  conftest.c
configure:4828: $? = 0
configure:4828: result: yes
configure:4828: checking for immintrin.h
configure:4828: result: yes
configure:4833: Vector intrinsics being used
configure:4886: checking omp.h usability
configure:4886: gcc -c -Wall -O3 -ffast-math -fopenmp  conftest.c >&5
configure:4886: $? = 0
configure:4886: result: yes
configure:4886: checking omp.h presence
configure:4886: gcc -E  conftest.c
configure:4886: $? = 0
configure:4886: result: yes
configure:4886: checking for omp.h
configure:4886: result: yes
configure:4908: checking fftw3.h usability
configure:4908: gcc -c -Wall -O3 -ffast-math -fopenmp  conftest.c >&5
conftest.c:67:19: fatal error: fftw3.h: No such file or directory
 #include <fftw3.h>
                   ^
compilation terminated.
configure:4908: $? = 1
configure: failed program was:
| /* confdefs.h */
| #define PACKAGE_NAME "GLU"
| #define PACKAGE_TARNAME "glu"
| #define PACKAGE_VERSION "1.1"
| #define PACKAGE_STRING "GLU 1.1"
| #define PACKAGE_BUGREPORT "renwick.james.hudspith@gmail.com"
| #define PACKAGE_URL ""
| #define PACKAGE "glu"
| #define VERSION "1.1"
| #define STDC_HEADERS 1
| #define HAVE_SYS_TYPES_H 1
| #define HAVE_SYS_STAT_H 1
| #define HAVE_STDLIB_H 1
| #define HAVE_STRING_H 1
| #define HAVE_MEMORY_H 1
| #define HAVE_STRINGS_H 1
| #define HAVE_INTTYPES_H 1
| #define HAVE_STDINT_H 1
| #define HAVE_UNISTD_H 1
| #define HAVE_PREFIX "/home/weinbe2/Documents/GLU/install"
| #define HAVE_MATH_H 1
| #define HAVE_STDINT_H 1
| #define HAVE_UNISTD_H 1
| #define HAVE_SYS_TIME_H 1
| #define HAVE_TIME_H 1
| #define HAVE_COMPLEX_H 1
| #define HAVE_STRINGS_H 1
| #define HAVE_STDIO_H 1
| #define HAVE_STDLIB_H 1
| #define HAVE_LIMITS_H 1
| #define HAVE_IMMINTRIN_H 1
| #define HAVE_OMP_H 1
| /* end confdefs.h.  */
| #include <stdio.h>
| #ifdef HAVE_SYS_TYPES_H
| # include <sys/types.h>
| #endif
| #ifdef HAVE_SYS_STAT_H
| # include <sys/stat.h>
| #endif
| #ifdef STDC_HEADERS
| # include <stdlib.h>
| # include <stddef.h>
| #else
| # ifdef HAVE_STDLIB_H
| #  include <stdlib.h>
| # endif
| #endif
| #ifdef HAVE_STRING_H
| # if !defined STDC_HEADERS && defined HAVE_MEMORY_H
| #  include <memory.h>
| # endif
| # include <string.h>
| #endif
| #ifdef HAVE_STRINGS_H
| # include <strings.h>
| #endif
| #ifdef HAVE_INTTYPES_H
| # include <inttypes.h>
| #endif
| #ifdef HAVE_STDINT_H
| # include <stdint.h>
| #endif
| #ifdef HAVE_UNISTD_H
| # include <unistd.h>
| #endif
| #include <fftw3.h>
configure:4908: result: no
configure:4908: checking fftw3.h presence
configure:4908: gcc -E  conftest.c
conftest.c:34:19: fatal error: fftw3.h: No such file or directory
 #include <fftw3.h>
                   ^
compilation terminated.
configure:4908: $? = 1
configure: failed program was:
| /* confdefs.h */
| #define PACKAGE_NAME "GLU"
| #define PACKAGE_TARNAME "glu"
| #define PACKAGE_VERSION "1.1"
| #define PACKAGE_STRING "GLU 1.1"
| #define PACKAGE_BUGREPORT "renwick.james.hudspith@gmail.com"
| #define PACKAGE_URL ""
| #define PACKAGE "glu"
| #define VERSION "1.1"
| #define STDC_HEADERS 1
| #define HAVE_SYS_TYPES_H 1
| #define HAVE_SYS_STAT_H 1
| #define HAVE_STDLIB_H 1
| #define HAVE_STRING_H 1
| #define HAVE_MEMORY_H 1
| #define HAVE_STRINGS_H 1
| #define HAVE_INTTYPES_H 1
| #define HAVE_STDINT_H 1
| #define HAVE_UNISTD_H 1
| #define HAVE_PREFIX "/home/weinbe2/Documents/GLU/install"
| #define HAVE_MATH_H 1
| #define HAVE_STDINT_H 1
| #define HAVE_UNISTD_H 1
| #define HAVE_SYS_TIME_H 1
| #define HAVE_TIME_H 1
| #define HAVE_COMPLEX_H 1
| #define HAVE_STRINGS_H 1
| #define HAVE_STDIO_H 1
| #define HAVE_STDLIB_H 1
| #define HAVE_LIMITS_H 1
| #define HAVE_IMMINTRIN_H 1
| #define HAVE_OMP_H 1
| /* end confdefs.h.  */
| #include <fftw3.h>
configure:4908: result: no
configure:4908: checking for fftw3.h
configure:4908: result: no
configure:4933: checking /home/weinbe2/bin/fftw/install/include/fftw3.h usability
configure:4933: gcc -c -Wall -O3 -ffast-math -fopenmp  conftest.c >&5
configure:4933: $? = 0
configure:4933: result: yes
configure:4933: checking /home/weinbe2/bin/fftw/install/include/fftw3.h presence
configure:4933: gcc -E  conftest.c
configure:4933: $? = 0
configure:4933: result: yes
configure:4933: checking for /home/weinbe2/bin/fftw/install/include/fftw3.h
configure:4933: result: yes
configure:4939: User defined fftw library @ /home/weinbe2/bin/fftw/install/
configure:4941: Attempting linking to the user's FFTW lib /home/weinbe2/bin/fftw/install/lib/libfftw3
configure:4946: Statically linking to the user's FFTW lib
configure:5087: This is a GSL-free build.
configure:5145: This is a Lapacke-free build.
configure:5179: Default deriv : Linear deriv with O(a) approx exponentiation (Fastest).
configure:5251: Default nonexceptional projector (1).
configure:5499: Defaulting to the Well19937a RNG
configure:5561: checking for an ANSI C-conforming const
configure:5627: gcc -c -Wall -O3 -ffast-math -fopenmp -I/home/weinbe2/bin/fftw/install/include  conftest.c >&5
configure:5627: $? = 0
configure:5634: result: yes
configure:5644: checking for C/C++ restrict keyword
configure:5669: gcc -c -Wall -O3 -ffast-math -fopenmp -I/home/weinbe2/bin/fftw/install/include  conftest.c >&5
configure:5669: $? = 0
configure:5677: result: __restrict
configure:5693: checking for inline
configure:5709: gcc -c -Wall -O3 -ffast-math -fopenmp -I/home/weinbe2/bin/fftw/install/include  conftest.c >&5
configure:5709: $? = 0
configure:5717: result: inline
configure:5857: checking that generated files are newer than configure
configure:5863: result: done
configure:5927: creating ./config.status

## ---------------------- ##
## Running config.status. ##
## ---------------------- ##

This file was extended by GLU config.status 1.1, which was
generated by GNU Autoconf 2.69.  Invocation command line was

  CONFIG_FILES    = 
  CONFIG_HEADERS  = 
  CONFIG_LINKS    = 
  CONFIG_COMMANDS = 
  $ ./config.status 

on weinbe2-ThinkPad-X240

config.status:894: creating Makefile
config.status:894: creating src/Makefile
config.status:894: creating tests/Makefile
config.status:894: creating config.h
config.status:1075: config.h is unchanged
config.status:1123: executing depfiles commands

## ---------------- ##
## Cache variables. ##
## ---------------- ##

ac_cv_c_bigendian=no
ac_cv_c_compiler_gnu=yes
ac_cv_c_const=yes
ac_cv_c_inline=inline
ac_cv_c_restrict=__restrict
ac_cv_env_CC_set=set
ac_cv_env_CC_value=gcc
ac_cv_env_CFLAGS_set=set
ac_cv_env_CFLAGS_value='-Wall -O3 -ffast-math -fopenmp'
ac_cv_env_CPPFLAGS_set=
ac_cv_env_CPPFLAGS_value=
ac_cv_env_CPP_set=
ac_cv_env_CPP_value=
ac_cv_env_LDFLAGS_set=
ac_cv_env_LDFLAGS_value=
ac_cv_env_LIBS_set=
ac_cv_env_LIBS_value=
ac_cv_env_build_alias_set=
ac_cv_env_build_alias_value=
ac_cv_env_host_alias_set=
ac_cv_env_host_alias_value=
ac_cv_env_target_alias_set=
ac_cv_env_target_alias_value=
ac_cv_header__home_weinbe2_bin_fftw_install_include_fftw3_h=yes
ac_cv_header_complex_h=yes
ac_cv_header_fftw3_h=no
ac_cv_header_immintrin_h=yes
ac_cv_header_inttypes_h=yes
ac_cv_header_limits_h=yes
ac_cv_header_math_h=yes
ac_cv_header_memory_h=yes
ac_cv_header_omp_h=yes
ac_cv_header_stdc=yes
ac_cv_header_stdint_h=yes
ac_cv_header_stdio_h=yes
ac_cv_header_stdlib_h=yes
ac_cv_header_string_h=yes
ac_cv_header_strings_h=yes
ac_cv_header_sys_stat_h=yes
ac_cv_header_sys_time_h=yes
ac_cv_header_sys_types_h=yes
ac_cv_header_time_h=yes
ac_cv_header_unistd_h=yes
ac_cv_objext=o
ac_cv_path_EGREP='/bin/grep -E'
ac_cv_path_GREP=/bin/grep
ac_cv_path_install='/usr/bin/install -c'
ac_cv_path_mkdir=/bin/mkdir
ac_cv_prog_AWK=gawk
ac_cv_prog_CPP='gcc -E'
ac_cv_prog_DOXYGEN=NONE
ac_cv_prog_GRAPHVIZ=NONE
ac_cv_prog_PDFLATEX=yes
ac_cv_prog_ac_ct_CC=gcc
ac_cv_prog_ac_ct_RANLIB=ranlib
ac_cv_prog_cc_c89=
ac_cv_prog_cc_g=yes
ac_cv_prog_make_make_set=yes
am_cv_CC_dependencies_compiler_type=gcc3
am_cv_make_support_nested_variables=yes
am_cv_prog_cc_c_o=yes

## ----------------- ##
## Output variables. ##
## ----------------- ##

ACLOCAL='${SHELL} /home/weinbe2/Documents/GLU/missing aclocal-1.14'
AMDEPBACKSLASH='\'
AMDEP_FALSE='#'
AMDEP_TRUE=''
AMTAR='$${TAR-tar}'
AM_BACKSLASH='\'
AM_DEFAULT_V='$(AM_DEFAULT_VERBOSITY)'
AM_DEFAULT_VERBOSITY='1'
AM_V='$(V)'
AUTOCONF='${SHELL} /home/weinbe2/Documents/GLU/missing autoconf'
AUTOHEADER='${SHELL} /home/weinbe2/Documents/GLU/missing autoheader'
AUTOMAKE='${SHELL} /home/weinbe2/Documents/GLU/missing automake-1.14'
AWK='gawk'
CC='gcc'
CCDEPMODE='depmode=gcc3'
CFLAGS='-Wall -O3 -ffast-math -fopenmp -I/home/weinbe2/bin/fftw/install/include'
CPP='gcc -E'
CPPFLAGS=''
CYGPATH_W='echo'
DEFFFTW_FALSE=''
DEFFFTW_TRUE='#'
DEFGSL_FALSE=''
DEFGSL_TRUE='#'
DEFLAPACKE_FALSE=''
DEFLAPACKE_TRUE='#'
DEFS='-DHAVE_CONFIG_H'
DEPDIR='.deps'
DOT_FALSE='#'
DOT_TRUE=''
DOXYGEN='NONE'
DOX_FALSE='#'
DOX_TRUE=''
ECHO_C=''
ECHO_N='-n'
ECHO_T=''
EGREP='/bin/grep -E'
EXEEXT=''
FFTW='/home/weinbe2/bin/fftw/install/'
GRAPHVIZ='NONE'
GREP='/bin/grep'
GSL=''
INSTALL_DATA='${INSTALL} -m 644'
INSTALL_PROGRAM='${INSTALL}'
INSTALL_SCRIPT='${INSTALL}'
INSTALL_STRIP_PROGRAM='$(install_sh) -c -s'
LAPACKE=''
LDFLAGS=' -lm /home/weinbe2/bin/fftw/install/lib/libfftw3.a /home/weinbe2/bin/fftw/install/lib/libfftw3_omp.a'
LIBOBJS=''
LIBS=''
LTLIBOBJS=''
MAKEINFO='${SHELL} /home/weinbe2/Documents/GLU/missing makeinfo'
MKDIR_P='/bin/mkdir -p'
OBJEXT='o'
PACKAGE='glu'
PACKAGE_BUGREPORT='renwick.james.hudspith@gmail.com'
PACKAGE_NAME='GLU'
PACKAGE_STRING='GLU 1.1'
PACKAGE_TARNAME='glu'
PACKAGE_URL=''
PACKAGE_VERSION='1.1'
PATH_SEPARATOR=':'
PDFLATEX='yes'
PDFLTX_FALSE=''
PDFLTX_TRUE='#'
PREF=''
PREF_FALSE=''
PREF_TRUE='#'
RANLIB='ranlib'
SET_MAKE=''
SHELL='/bin/bash'
STRIP=''
VERSION='1.1'
ac_ct_CC='gcc'
am__EXEEXT_FALSE=''
am__EXEEXT_TRUE='#'
am__fastdepCC_FALSE='#'
am__fastdepCC_TRUE=''
am__include='include'
am__isrc=''
am__leading_dot='.'
am__nodep='_no'
am__quote=''
am__tar='$${TAR-tar} chof - "$$tardir"'
am__untar='$${TAR-tar} xf -'
bindir='${exec_prefix}/bin'
build_alias=''
datadir='${datarootdir}'
datarootdir='${prefix}/share'
docdir='${datarootdir}/doc/${PACKAGE_TARNAME}'
dvidir='${docdir}'
exec_prefix='${prefix}'
host_alias=''
htmldir='${docdir}'
includedir='${prefix}/include'
infodir='${datarootdir}/info'
install_sh='${SHELL} /home/weinbe2/Documents/GLU/install-sh'
libdir='${exec_prefix}/lib'
libexecdir='${exec_prefix}/libexec'
localedir='${datarootdir}/locale'
localstatedir='${prefix}/var'
mandir='${datarootdir}/man'
mkdir_p='$(MKDIR_P)'
oldincludedir='/usr/include'
pdfdir='${docdir}'
prefix='/home/weinbe2/Documents/GLU/install'
program_transform_name='s,x,x,'
psdir='${docdir}'
sbindir='${exec_prefix}/sbin'
sharedstatedir='${prefix}/com'
sysconfdir='${prefix}/etc'
target_alias=''

## ----------- ##
## confdefs.h. ##
## ----------- ##

/* confdefs.h */
#define PACKAGE_NAME "GLU"
#define PACKAGE_TARNAME "glu"
#define PACKAGE_VERSION "1.1"
#define PACKAGE_STRING "GLU 1.1"
#define PACKAGE_BUGREPORT "renwick.james.hudspith@gmail.com"
#define PACKAGE_URL ""
#define PACKAGE "glu"
#define VERSION "1.1"
#define STDC_HEADERS 1
#define HAVE_SYS_TYPES_H 1
#define HAVE_SYS_STAT_H 1
#define HAVE_STDLIB_H 1
#define HAVE_STRING_H 1
#define HAVE_MEMORY_H 1
#define HAVE_STRINGS_H 1
#define HAVE_INTTYPES_H 1
#define HAVE_STDINT_H 1
#define HAVE_UNISTD_H 1
#define HAVE_PREFIX "/home/weinbe2/Documents/GLU/install"
#define HAVE_MATH_H 1
#define HAVE_STDINT_H 1
#define HAVE_UNISTD_H 1
#define HAVE_SYS_TIME_H 1
#define HAVE_TIME_H 1
#define HAVE_COMPLEX_H 1
#define HAVE_STRINGS_H 1
#define HAVE_STDIO_H 1
#define HAVE_STDLIB_H 1
#define HAVE_LIMITS_H 1
#define HAVE_IMMINTRIN_H 1
#define HAVE_OMP_H 1
#define HAVE__HOME_WEINBE2_BIN_FFTW_INSTALL_INCLUDE_FFTW3_H 1
#define OMP_FFTW /**/
#define HAVE_FFTW3_H /**/
#define PROJ_GRACEY 0
#define restrict __restrict

configure: exit 0
